{
  "RSpec": {
    "coverage": {
      "/home/jdwarren/highlands/express/spec/dummy/config/environment.rb": [
        null,
        1,
        null,
        null,
        1
      ],
      "/home/jdwarren/highlands/express/spec/dummy/config/application.rb": [
        1,
        null,
        1,
        null,
        1,
        1,
        null,
        1,
        1,
        null,
        1,
        null,
        null,
        null,
        null,
        null,
        null,
        null
      ],
      "/home/jdwarren/highlands/express/spec/dummy/config/boot.rb": [
        null,
        1,
        null,
        1,
        1
      ],
      "/home/jdwarren/highlands/express/lib/express.rb": [
        1,
        null,
        1,
        null,
        null
      ],
      "/home/jdwarren/highlands/express/lib/express/engine.rb": [
        1,
        1,
        1,
        null,
        1,
        1,
        1,
        1,
        1,
        1,
        null,
        1,
        1,
        0,
        null,
        null,
        null,
        1,
        1,
        null,
        null,
        null,
        null
      ],
      "/home/jdwarren/highlands/express/spec/dummy/config/environments/test.rb": [
        1,
        null,
        null,
        null,
        null,
        null,
        null,
        1,
        null,
        null,
        null,
        null,
        1,
        null,
        null,
        1,
        1,
        null,
        null,
        null,
        null,
        1,
        1,
        null,
        null,
        1,
        null,
        null,
        1,
        1,
        null,
        null,
        null,
        null,
        1,
        null,
        null,
        1,
        null,
        null,
        null,
        null
      ],
      "/home/jdwarren/highlands/express/config/initializers/dragonfly.rb": [
        1,
        null,
        null,
        1,
        1,
        null,
        1,
        null,
        1,
        null,
        1,
        null,
        null,
        null,
        null,
        null,
        1,
        null,
        null,
        1,
        null,
        null,
        1,
        1,
        1,
        null,
        null
      ],
      "/home/jdwarren/highlands/express/spec/dummy/config/initializers/application_controller_renderer.rb": [
        null,
        null,
        null,
        null,
        null,
        null
      ],
      "/home/jdwarren/highlands/express/spec/dummy/config/initializers/assets.rb": [
        null,
        null,
        null,
        1,
        null,
        null,
        null,
        null,
        1,
        null,
        null,
        null,
        null,
        null
      ],
      "/home/jdwarren/highlands/express/spec/dummy/config/initializers/backtrace_silencers.rb": [
        null,
        null,
        null,
        null,
        null,
        null,
        null
      ],
      "/home/jdwarren/highlands/express/spec/dummy/config/initializers/cookies_serializer.rb": [
        null,
        null,
        null,
        null,
        1
      ],
      "/home/jdwarren/highlands/express/spec/dummy/config/initializers/filter_parameter_logging.rb": [
        null,
        null,
        null,
        1
      ],
      "/home/jdwarren/highlands/express/spec/dummy/config/initializers/inflections.rb": [
        null,
        null,
        null,
        null,
        null,
        null,
        null,
        null,
        null,
        null,
        null,
        null,
        null,
        null,
        null,
        null
      ],
      "/home/jdwarren/highlands/express/spec/dummy/config/initializers/mime_types.rb": [
        null,
        null,
        null,
        null
      ],
      "/home/jdwarren/highlands/express/spec/dummy/config/initializers/wrap_parameters.rb": [
        null,
        null,
        null,
        null,
        null,
        null,
        1,
        1,
        null,
        null,
        null,
        null,
        null,
        null
      ],
      "/home/jdwarren/highlands/express/spec/dummy/config/routes.rb": [
        1,
        null,
        1,
        1,
        null
      ],
      "/home/jdwarren/highlands/express/config/routes.rb": [
        1,
        1,
        1,
        1,
        null
      ],
      "/home/jdwarren/highlands/express/spec/dummy/app/helpers/application_helper.rb": [
        1,
        null
      ],
      "/home/jdwarren/highlands/express/spec/factories.rb": [
        1,
        null,
        1,
        1,
        1,
        1,
        1,
        null,
        null,
        null,
        1,
        9,
        1,
        1,
        1,
        1,
        1,
        null,
        null,
        null,
        1,
        1,
        1,
        1,
        null,
        null,
        null,
        1,
        1,
        1,
        1,
        1,
        1,
        null,
        null,
        null,
        null
      ],
      "/home/jdwarren/highlands/express/spec/models/channel_spec.rb": [
        1,
        null,
        1,
        null,
        2,
        2,
        null,
        1,
        null,
        1,
        1,
        1,
        null,
        null,
        1,
        1,
        1,
        null,
        null,
        null,
        null,
        null
      ],
      "/home/jdwarren/highlands/express/app/models/channel.rb": [
        1,
        1,
        1,
        1,
        1,
        1,
        null,
        1,
        1,
        null,
        null,
        1,
        1,
        null,
        null,
        null
      ],
      "/home/jdwarren/highlands/express/spec/dummy/app/models/application_record.rb": [
        1,
        1,
        null
      ],
      "/home/jdwarren/highlands/express/spec/models/entry_spec.rb": [
        1,
        null,
        1,
        null,
        2,
        2,
        2,
        null,
        1,
        null,
        1,
        1,
        1,
        null,
        null,
        1,
        1,
        1,
        null,
        null,
        1,
        1,
        1,
        null,
        null,
        1,
        1,
        2,
        null,
        null,
        null,
        null,
        1,
        null,
        1,
        1,
        1,
        1,
        null,
        null,
        1,
        1,
        1,
        1,
        null,
        null,
        1,
        1,
        1,
        1,
        1,
        1,
        null,
        null,
        1,
        2,
        null,
        null,
        null,
        null,
        null
      ],
      "/home/jdwarren/highlands/express/app/models/entry.rb": [
        1,
        1,
        1,
        1,
        1,
        1,
        1,
        null,
        1,
        1,
        null,
        null,
        1,
        1,
        null,
        null,
        1,
        1,
        null,
        null,
        1,
        null,
        2,
        1,
        null,
        1,
        null,
        null,
        null,
        1,
        null,
        2,
        1,
        null,
        1,
        null,
        null,
        null,
        1,
        4,
        5,
        null,
        null,
        1,
        0,
        null,
        null,
        null
      ],
      "/home/jdwarren/highlands/express/app/controllers/express/channels_controller.rb": [
        1,
        1,
        1,
        null,
        null,
        null,
        1,
        1,
        null,
        null,
        null,
        null,
        1,
        null,
        null,
        null,
        1,
        0,
        null,
        null,
        null,
        1,
        null,
        null,
        null,
        null,
        1,
        0,
        null,
        0,
        0,
        0,
        0,
        null,
        0,
        0,
        null,
        null,
        null,
        null,
        null,
        null,
        1,
        0,
        0,
        0,
        0,
        null,
        0,
        0,
        null,
        null,
        null,
        null,
        null,
        null,
        1,
        0,
        0,
        0,
        0,
        null,
        null,
        null,
        1,
        null,
        1,
        0,
        null,
        null,
        null,
        1,
        0,
        null,
        null,
        1,
        0,
        0,
        0,
        null,
        null,
        null
      ],
      "/home/jdwarren/highlands/express/app/controllers/express/application_controller.rb": [
        1,
        1,
        1,
        1,
        1,
        null,
        1,
        null,
        1,
        null,
        null,
        1,
        1,
        null,
        null,
        null,
        null
      ],
      "/home/jdwarren/highlands/express/app/helpers/express/application_helper.rb": [
        1,
        1,
        1,
        null,
        1,
        null,
        0,
        null,
        null,
        null,
        null,
        1,
        null,
        null,
        null,
        null,
        null,
        null,
        null,
        null,
        null,
        null,
        null,
        0,
        null,
        null,
        1,
        0,
        null,
        null,
        1,
        0,
        null,
        null,
        null,
        null
      ],
      "/home/jdwarren/highlands/express/app/models/upload.rb": [
        1,
        1,
        1,
        null
      ]
    },
    "timestamp": 1505276394
  }
}
